<?xml version="1.0" encoding="UTF-8"?>
<testsuite name="com.localhost.playgroundInfo.StoresCRUDTest" time="2.723" tests="15" errors="0" skipped="0" failures="4">
  <properties>
[...]
</properties>
  <testcase name="test001" classname="com.localhost.playgroundInfo.StoresCRUDTest" time="0.001"/>
  <testcase name="test002" classname="com.localhost.playgroundInfo.StoresCRUDTest" time="0"/>
  <testcase name="test003" classname="com.localhost.playgroundInfo.StoresCRUDTest" time="0.001"/>
  <testcase name="test004" classname="com.localhost.playgroundInfo.StoresCRUDTest" time="0"/>
  <testcase name="test005" classname="com.localhost.playgroundInfo.StoresCRUDTest" time="0.012">
    <failure message="expected:&lt;1563&gt; but was:&lt;1560&gt;" type="java.lang.AssertionError"><![CDATA[java.lang.AssertionError: expected:<1563> but was:<1560>
	at org.junit.Assert.fail(Assert.java:88)
	at org.junit.Assert.failNotEquals(Assert.java:834)
	at org.junit.Assert.assertEquals(Assert.java:645)
	at org.junit.Assert.assertEquals(Assert.java:631)
	at com.localhost.playgroundInfo.StoresCRUDTest.test005(StoresCRUDTest.java:84)
]]></failure>
    <system-out><![CDATA[Request method:	GET
Request URI:	http://localhost:3030/stores
Proxy:			<none>
Request params:	<none>
Query params:	<none>
Form params:	<none>
Path params:	<none>
Multiparts:		<none>
Headers:		Accept=*/*
Cookies:		<none>
Body:			<none>
HTTP/1.1 200 OK
X-Powered-By: Express
Access-Control-Allow-Origin: *
Allow: GET,POST,PUT,PATCH,DELETE
Vary: Accept, Accept-Encoding
Content-Type: application/json; charset=utf-8
ETag: W/"7222-HeUoS8U51aWd7htlNS+P7zKGgTk"
Content-Encoding: gzip
Date: Tue, 21 Jun 2022 20:25:29 GMT
Connection: keep-alive
Transfer-Encoding: chunked

{
    "total": 1560,
    "limit": 10,
    "skip": 0,
    "data": [
        {
            "id": 6,
            "name": "Inver Grove Heights",
            "type": "BigBox",
            "address": "1350 50th Street E",
            "address2": "",
            "city": "Inver Grove Heights",
            "state": "MN",
            "zip": "55077",
            "lat": 44.879314,
            "lng": -93.077156,
            "hours": "Mon: 10-9; Tue: 10-9; Wed: 10-9; Thurs: 10-9; Fri: 10-9; Sat: 10-9; Sun: 10-8",
            "createdAt": "2016-11-17T17:57:05.831Z",
            "updatedAt": "2016-11-17T17:57:05.831Z",
            "services": [
                {
                    "id": 1,
                    "name": "Geek Squad Services",
                    "createdAt": "2016-11-17T17:56:35.881Z",
                    "updatedAt": "2016-11-17T17:56:35.881Z",
                    "storeservices": {
                        "createdAt": "2016-11-17T17:57:09.414Z",
                        "updatedAt": "2016-11-17T17:57:09.414Z",
                        "storeId": 6,
                        "serviceId": 1
                    }
                },
                {
                    "id": 2,
                    "name": "Best Buy Mobile",
                    "createdAt": "2016-11-17T17:56:35.881Z",
                    "updatedAt": "2016-11-17T17:56:35.881Z",
                    "storeservices": {
                        "createdAt": "2016-11-17T17:57:09.414Z",
                        "updatedAt": "2016-11-17T17:57:09.414Z",
                        "storeId": 6,
                        "serviceId": 2
                    }
                },
                {
                    "id": 3,
                    "name": "Best Buy For Business",
                    "createdAt": "2016-11-17T17:56:35.881Z",
                    "updatedAt": "2016-11-17T17:56:35.881Z",
                    "storeservices": {
                        "createdAt": "2016-11-17T17:57:09.414Z",
                        "updatedAt": "2016-11-17T17:57:09.414Z",
                        "storeId": 6,
                        "serviceId": 3
                    }
                },
                {
                    "id": 4,
                    "name": "Apple Shop",
                    "createdAt": "2016-11-17T17:56:35.881Z",
                    "updatedAt": "2016-11-17T17:56:35.881Z",
                    "storeservices": {
                        "createdAt": "2016-11-17T17:57:09.414Z",
                        "updatedAt": "2016-11-17T17:57:09.414Z",
                        "storeId": 6,
                        "serviceId": 4
                    }
                },
                {
                    "id": 5,
                    "name": "Hablamos Español",
                    "createdAt": "2016-11-17T17:56:35.881Z",
                    "updatedAt": "2016-11-17T17:56:35.881Z",
                    "storeservices": {
                        "createdAt": "2016-11-17T17:57:09.414Z",
                        "updatedAt": "2016-11-17T17:57:09.414Z",
                        "storeId": 6,
                        "serviceId": 5
                    }
                },
                {
                    "id": 7,
                    "name": "Electronics Recycling",
                    "createdAt": "2016-11-17T17:56:35.881Z",
                    "updatedAt": "2016-11-17T17:56:35.881Z",
                    "storeservices": {
                        "createdAt": "2016-11-17T17:57:09.414Z",
                        "updatedAt": "2016-11-17T17:57:09.414Z",
                        "storeId": 6,
                        "serviceId": 7
                    }
                },
                {
                    "id": 9,
                    "name": "Samsung Experience Shop",
                    "createdAt": "2016-11-17T17:56:35.881Z",
                    "updatedAt": "2016-11-17T17:56:35.881Z",
                    "storeservices": {
                        "createdAt": "2016-11-17T17:57:09.414Z",
                        "updatedAt": "2016-11-17T17:57:09.414Z",
                        "storeId": 6,
                        "serviceId": 9
                    }
                },
                {
                    "id": 10,
                    "name": "Windows Store",
                    "createdAt": "2016-11-17T17:56:35.881Z",
                    "updatedAt": "2016-11-17T17:56:35.881Z",
                    "storeservices": {
                        "createdAt": "2016-11-17T17:57:09.414Z",
                        "updatedAt": "2016-11-17T17:57:09.414Z",
                        "storeId": 6,
                        "serviceId": 10
                    }
                },
                {
                    "id": 12,
                    "name": "Car & GPS Installation Services",
                    "createdAt": "2016-11-17T17:56:35.881Z",
                    "updatedAt": "2016-11-17T17:56:35.881Z",
                    "storeservices": {
                        "createdAt": "2016-11-17T17:57:09.414Z",
                        "updatedAt": "2016-11-17T17:57:09.414Z",
                        "storeId": 6,
                        "serviceId": 12
                    }
                },
                {
                    "id": 18,
                    "name": "Geek Squad Solution Central",
                    "createdAt": "2016-11-17T17:56:35.881Z",
                    "updatedAt": "2016-11-17T17:56:35.881Z",
                    "storeservices": {
                        "createdAt": "2016-11-17T17:57:09.414Z",
                        "updatedAt": "2016-11-17T17:57:09.414Z",
                        "storeId": 6,
                        "serviceId": 18
                    }
                }
            ]
        },
        {
            "id": 7,
            "name": "Roseville",
            "type": "BigBox",
            "address": "1643 County Road B2",
            "address2": "",
            "city": "Roseville",
            "state": "MN",
            "zip": "55113",
            "lat": 45.01651,
            "lng": -93.168518,
            "hours": "Mon: 10-9; Tue: 10-9; Wed: 10-9; Thurs: 10-9; Fri: 10-9; Sat: 10-9; Sun: 10-8",
            "createdAt": "2016-11-17T17:57:05.853Z",
            "updatedAt": "2016-11-17T17:57:05.853Z",
            "services": [
                {
                    "id": 1,
                    "name": "Geek Squad Services",
                    "createdAt": "2016-11-17T17:56:35.881Z",
                    "updatedAt": "2016-11-17T17:56:35.881Z",
                    "storeservices": {
                        "createdAt": "2016-11-17T17:57:09.417Z",
                        "updatedAt": "2016-11-17T17:57:09.417Z",
                        "storeId": 7,
                        "serviceId": 1
                    }
                },
                {
                    "id": 2,
                    "name": "Best Buy Mobile",
                    "createdAt": "2016-11-17T17:56:35.881Z",
                    "updatedAt": "2016-11-17T17:56:35.881Z",
                    "storeservices": {
                        "createdAt": "2016-11-17T17:57:09.417Z",
                        "updatedAt": "2016-11-17T17:57:09.417Z",
                        "storeId": 7,
                        "serviceId": 2
                    }
                },
                {
                    "id": 3,
                    "name": "Best Buy For Business",
                    "createdAt": "2016-11-17T17:56:35.881Z",
                    "updatedAt": "2016-11-17T17:56:35.881Z",
                    "storeservices": {
                        "createdAt": "2016-11-17T17:57:09.417Z",
                        "updatedAt": "2016-11-17T17:57:09.417Z",
                        "storeId": 7,
                        "serviceId": 3
                    }
                },
                {
                    "id": 4,
                    "name": "Apple Shop",
                    "createdAt": "2016-11-17T17:56:35.881Z",
                    "updatedAt": "2016-11-17T17:56:35.881Z",
                    "storeservices": {
                        "createdAt": "2016-11-17T17:57:09.417Z",
                        "updatedAt": "2016-11-17T17:57:09.417Z",
                        "storeId": 7,
                        "serviceId": 4
                    }
                },
                {
                    "id": 5,
                    "name": "Hablamos Español",
                    "createdAt": "2016-11-17T17:56:35.881Z",
                    "updatedAt": "2016-11-17T17:56:35.881Z",
                    "storeservices": {
                        "createdAt": "2016-11-17T17:57:09.417Z",
                        "updatedAt": "2016-11-17T17:57:09.417Z",
                        "storeId": 7,
                        "serviceId": 5
                    }
                },
                {
                    "id": 6,
                    "name": "Camera Experience Shop ",
                    "createdAt": "2016-11-17T17:56:35.881Z",
                    "updatedAt": "2016-11-17T17:56:35.881Z",
                    "storeservices": {
                        "createdAt": "2016-11-17T17:57:09.417Z",
                        "updatedAt": "2016-11-17T17:57:09.417Z",
                        "storeId": 7,
                        "serviceId": 6
                    }
                },
                {
                    "id": 7,
                    "name": "Electronics Recycling",
                    "createdAt": "2016-11-17T17:56:35.881Z",
                    "updatedAt": "2016-11-17T17:56:35.881Z",
                    "storeservices": {
                        "createdAt": "2016-11-17T17:57:09.417Z",
                        "updatedAt": "2016-11-17T17:57:09.417Z",
                        "storeId": 7,
                        "serviceId": 7
                    }
                },
                {
                    "id": 8,
                    "name": "Magnolia Home Theater",
                    "createdAt": "2016-11-17T17:56:35.881Z",
                    "updatedAt": "2016-11-17T17:56:35.881Z",
                    "storeservices": {
                        "createdAt": "2016-11-17T17:57:09.417Z",
                        "updatedAt": "2016-11-17T17:57:09.417Z",
                        "storeId": 7,
                        "serviceId": 8
                    }
                },
                {
                    "id": 10,
                    "name": "Windows Store",
                    "createdAt": "2016-11-17T17:56:35.881Z",
                    "updatedAt": "2016-11-17T17:56:35.881Z",
                    "storeservices": {
                        "createdAt": "2016-11-17T17:57:09.417Z",
                        "updatedAt": "2016-11-17T17:57:09.417Z",
                        "storeId": 7,
                        "serviceId": 10
                    }
                },
                {
                    "id": 11,
                    "name": "Samsung Experience",
                    "createdAt": "2016-11-17T17:56:35.881Z",
                    "updatedAt": "2016-11-17T17:56:35.881Z",
                    "storeservices": {
                        "createdAt": "2016-11-17T17:57:09.417Z",
                        "updatedAt": "2016-11-17T17:57:09.417Z",
                        "storeId": 7,
                        "serviceId": 11
                    }
                },
                {
                    "id": 12,
                    "name": "Car & GPS Installation Services",
                    "createdAt": "2016-11-17T17:56:35.881Z",
                    "updatedAt": "2016-11-17T17:56:35.881Z",
                    "storeservices": {
                        "createdAt": "2016-11-17T17:57:09.417Z",
                        "updatedAt": "2016-11-17T17:57:09.417Z",
                        "storeId": 7,
                        "serviceId": 12
                    }
                },
                {
                    "id": 15,
                    "name": "Best Buy Marine Powered by Geek Squad",
                    "createdAt": "2016-11-17T17:56:35.881Z",
                    "updatedAt": "2016-11-17T17:56:35.881Z",
                    "storeservices": {
                        "createdAt": "2016-11-17T17:57:09.417Z",
                        "updatedAt": "2016-11-17T17:57:09.417Z",
                        "storeId": 7,
                        "serviceId": 15
                    }
                },
                {
                    "id": 18,
                    "name": "Geek Squad Solution Central",
                    "createdAt": "2016-11-17T17:56:35.881Z",
                    "updatedAt": "2016-11-17T17:56:35.881Z",
                    "storeservices": {
                        "createdAt": "2016-11-17T17:57:09.417Z",
                        "updatedAt": "2016-11-17T17:57:09.417Z",
                        "storeId": 7,
                        "serviceId": 18
                    }
                },
                {
                    "id": 19,
                    "name": "Pacific Kitchen & Home",
                    "createdAt": "2016-11-17T17:56:35.881Z",
                    "updatedAt": "2016-11-17T17:56:35.881Z",
                    "storeservices": {
                        "createdAt": "2016-11-17T17:57:09.417Z",
                        "updatedAt": "2016-11-17T17:57:09.417Z",
                        "storeId": 7,
                        "serviceId": 19
                    }
                }
            ]
        },
        {
            "id": 8,
            "name": "Burnsville",
            "type": "BigBox",
            "address": "14141 Aldrich Ave S",
            "address2": "",
            "city": "Burnsville",
            "state": "MN",
            "zip": "55337",
            "lat": 44.747404,
            "lng": -93.288039,
            "hours": "Mon: 10-9; Tue: 10-9; Wed: 10-9; Thurs: 10-9; Fri: 10-9; Sat: 10-9; Sun: 10-8",
            "createdAt": "2016-11-17T17:57:06.108Z",
            "updatedAt": "2016-11-17T17:57:06.108Z",
            "services": [
                {
                    "id": 1,
                    "name": "Geek Squad Services",
                    "createdAt": "2016-11-17T17:56:35.881Z",
                    "updatedAt": "2016-11-17T17:56:35.881Z",
                    "storeservices": {
                        "createdAt": "2016-11-17T17:57:09.595Z",
                        "updatedAt": "2016-11-17T17:57:09.595Z",
                        "storeId": 8,
                        "serviceId": 1
                    }
                },
                {
                    "id": 2,
                    "name": "Best Buy Mobile",
                    "createdAt": "2016-11-17T17:56:35.881Z",
                    "updatedAt": "2016-11-17T17:56:35.881Z",
                    "storeservices": {
                        "createdAt": "2016-11-17T17:57:09.595Z",
                        "updatedAt": "2016-11-17T17:57:09.595Z",
                        "storeId": 8,
                        "serviceId": 2
                    }
                },
                {
                    "id": 3,
                    "name": "Best Buy For Business",
                    "createdAt": "2016-11-17T17:56:35.881Z",
                    "updatedAt": "2016-11-17T17:56:35.881Z",
                    "storeservices": {
                        "createdAt": "2016-11-17T17:57:09.595Z",
                        "updatedAt": "2016-11-17T17:57:09.595Z",
                        "storeId": 8,
                        "serviceId": 3
                    }
                },
                {
                    "id": 4,
                    "name": "Apple Shop",
                    "createdAt": "2016-11-17T17:56:35.881Z",
                    "updatedAt": "2016-11-17T17:56:35.881Z",
                    "storeservices": {
                        "createdAt": "2016-11-17T17:57:09.595Z",
                        "updatedAt": "2016-11-17T17:57:09.595Z",
                        "storeId": 8,
                        "serviceId": 4
                    }
                },
                {
                    "id": 7,
                    "name": "Electronics Recycling",
                    "createdAt": "2016-11-17T17:56:35.881Z",
                    "updatedAt": "2016-11-17T17:56:35.881Z",
                    "storeservices": {
                        "createdAt": "2016-11-17T17:57:09.595Z",
                        "updatedAt": "2016-11-17T17:57:09.595Z",
                        "storeId": 8,
                        "serviceId": 7
                    }
                },
                {
                    "id": 9,
                    "name": "Samsung Experience Shop",
                    "createdAt": "2016-11-17T17:56:35.881Z",
                    "updatedAt": "2016-11-17T17:56:35.881Z",
                    "storeservices": {
                        "createdAt": "2016-11-17T17:57:09.595Z",
                        "updatedAt": "2016-11-17T17:57:09.595Z",
                        "storeId": 8,
                        "serviceId": 9
                    }
                },
                {
                    "id": 18,
                    "name": "Geek Squad Solution Central",
                    "createdAt": "2016-11-17T17:56:35.881Z",
                    "updatedAt": "2016-11-17T17:56:35.881Z",
                    "storeservices": {
                        "createdAt": "2016-11-17T17:57:09.595Z",
                        "updatedAt": "2016-11-17T17:57:09.595Z",
                        "storeId": 8,
                        "serviceId": 18
                    }
                }
            ]
        },
        {
            "id": 10,
            "name": "Maplewood",
            "type": "BigBox",
            "address": "1795 County Rd D E",
            "address2": "",
            "city": "Maplewood",
            "state": "MN",
            "zip": "55109",
            "lat": 45.036556,
            "lng": -93.025986,
            "hours": "Mon: 10-9; Tue: 10-9; Wed: 10-9; Thurs: 10-9; Fri: 10-9; Sat: 10-9; Sun: 10-8",
            "createdAt": "2016-11-17T17:57:04.414Z",
            "updatedAt": "2016-11-17T17:57:04.414Z",
            "services": [
                {
                    "id": 1,
                    "name": "Geek Squad Services",
                    "createdAt": "2016-11-17T17:56:35.881Z",
                    "updatedAt": "2016-11-17T17:56:35.881Z",
                    "storeservices": {
                        "createdAt": "2016-11-17T17:57:08.033Z",
                        "updatedAt": "2016-11-17T17:57:08.033Z",
                        "storeId": 10,
                        "serviceId": 1
                    }
                },
                {
                    "id": 2,
                    "name": "Best Buy Mobile",
                    "createdAt": "2016-11-17T17:56:35.881Z",
                    "updatedAt": "2016-11-17T17:56:35.881Z",
                    "storeservices": {
                        "createdAt": "2016-11-17T17:57:08.033Z",
                        "updatedAt": "2016-11-17T17:57:08.033Z",
                        "storeId": 10,
                        "serviceId": 2
                    }
                },
                {
                    "id": 3,
                    "name": "Best Buy For Business",
                    "createdAt": "2016-11-17T17:56:35.881Z",
                    "updatedAt": "2016-11-17T17:56:35.881Z",
                    "storeservices": {
                        "createdAt": "2016-11-17T17:57:08.033Z",
                        "updatedAt": "2016-11-17T17:57:08.033Z",
                        "storeId": 10,
                        "serviceId": 3
                    }
                },
                {
                    "id": 4,
                    "name": "Apple Shop",
                    "createdAt": "2016-11-17T17:56:35.881Z",
                    "updatedAt": "2016-11-17T17:56:35.881Z",
                    "storeservices": {
                        "createdAt": "2016-11-17T17:57:08.033Z",
                        "updatedAt": "2016-11-17T17:57:08.033Z",
                        "storeId": 10,
                        "serviceId": 4
                    }
                },
                {
                    "id": 7,
                    "name": "Electronics Recycling",
                    "createdAt": "2016-11-17T17:56:35.881Z",
                    "updatedAt": "2016-11-17T17:56:35.881Z",
                    "storeservices": {
                        "createdAt": "2016-11-17T17:57:08.033Z",
                        "updatedAt": "2016-11-17T17:57:08.033Z",
                        "storeId": 10,
                        "serviceId": 7
                    }
                },
                {
                    "id": 8,
                    "name": "Magnolia Home Theater",
                    "createdAt": "2016-11-17T17:56:35.881Z",
                    "updatedAt": "2016-11-17T17:56:35.881Z",
                    "storeservices": {
                        "createdAt": "2016-11-17T17:57:08.033Z",
                        "updatedAt": "2016-11-17T17:57:08.033Z",
                        "storeId": 10,
                        "serviceId": 8
                    }
                },
                {
                    "id": 10,
                    "name": "Windows Store",
                    "createdAt": "2016-11-17T17:56:35.881Z",
                    "updatedAt": "2016-11-17T17:56:35.881Z",
                    "storeservices": {
                        "createdAt": "2016-11-17T17:57:08.033Z",
                        "updatedAt": "2016-11-17T17:57:08.033Z",
                        "storeId": 10,
                        "serviceId": 10
                    }
                },
                {
                    "id": 11,
                    "name": "Samsung Experience",
                    "createdAt": "2016-11-17T17:56:35.881Z",
                    "updatedAt": "2016-11-17T17:56:35.881Z",
                    "storeservices": {
                        "createdAt": "2016-11-17T17:57:08.033Z",
                        "updatedAt": "2016-11-17T17:57:08.033Z",
                        "storeId": 10,
                        "serviceId": 11
                    }
                },
                {
                    "id": 12,
                    "name": "Car & GPS Installation Services",
                    "createdAt": "2016-11-17T17:56:35.881Z",
                    "updatedAt": "2016-11-17T17:56:35.881Z",
                    "storeservices": {
                        "createdAt": "2016-11-17T17:57:08.033Z",
                        "updatedAt": "2016-11-17T17:57:08.033Z",
                        "storeId": 10,
                        "serviceId": 12
                    }
                },
                {
                    "id": 13,
                    "name": "LG Experience ",
                    "createdAt": "2016-11-17T17:56:35.881Z",
                    "updatedAt": "2016-11-17T17:56:35.881Z",
                    "storeservices": {
                        "createdAt": "2016-11-17T17:57:08.033Z",
                        "updatedAt": "2016-11-17T17:57:08.033Z",
                        "storeId": 10,
                        "serviceId": 13
                    }
                },
                {
                    "id": 14,
                    "name": "Sony Experience ",
                    "createdAt": "2016-11-17T17:56:35.881Z",
                    "updatedAt": "2016-11-17T17:56:35.881Z",
                    "storeservices": {
                        "createdAt": "2016-11-17T17:57:08.033Z",
                        "updatedAt": "2016-11-17T17:57:08.033Z",
                        "storeId": 10,
                        "serviceId": 14
                    }
                },
                {
                    "id": 18,
                    "name": "Geek Squad Solution Central",
                    "createdAt": "2016-11-17T17:56:35.881Z",
                    "updatedAt": "2016-11-17T17:56:35.881Z",
                    "storeservices": {
                        "createdAt": "2016-11-17T17:57:08.033Z",
                        "updatedAt": "2016-11-17T17:57:08.033Z",
                        "storeId": 10,
                        "serviceId": 18
                    }
                }
            ]
        },
        {
            "id": 11,
            "name": "Northtown",
            "type": "BigBox",
            "address": "300 Northtown Dr Ne",
            "address2": "",
            "city": "Blaine",
            "state": "MN",
            "zip": "55434",
            "lat": 45.126179,
            "lng": -93.261429,
            "hours": "Mon: 10-9; Tue: 10-9; Wed: 10-9; Thurs: 10-9; Fri: 10-9; Sat: 10-9; Sun: 10-8",
            "createdAt": "2016-11-17T17:57:04.542Z",
            "updatedAt": "2016-11-17T17:57:04.542Z",
            "services": [
                {
                    "id": 1,
                    "name": "Geek Squad Services",
                    "createdAt": "2016-11-17T17:56:35.881Z",
                    "updatedAt": "2016-11-17T17:56:35.881Z",
                    "storeservices": {
                        "createdAt": "2016-11-17T17:57:08.154Z",
                        "updatedAt": "2016-11-17T17:57:08.154Z",
                        "storeId": 11,
                        "serviceId": 1
                    }
                },
                {
                    "id": 2,
                    "name": "Best Buy Mobile",
                    "createdAt": "2016-11-17T17:56:35.881Z",
                    "updatedAt": "2016-11-17T17:56:35.881Z",
                    "storeservices": {
                        "createdAt": "2016-11-17T17:57:08.154Z",
                        "updatedAt": "2016-11-17T17:57:08.154Z",
                        "storeId": 11,
                        "serviceId": 2
                    }
                },
                {
                    "id": 3,
                    "name": "Best Buy For Business",
                    "createdAt": "2016-11-17T17:56:35.881Z",
                    "updatedAt": "2016-11-17T17:56:35.881Z",
                    "storeservices": {
                        "createdAt": "2016-11-17T17:57:08.154Z",
                        "updatedAt": "2016-11-17T17:57:08.154Z",
                        "storeId": 11,
                        "serviceId": 3
                    }
                },
                {
                    "id": 5,
                    "name": "Hablamos Español",
                    "createdAt": "2016-11-17T17:56:35.881Z",
                    "updatedAt": "2016-11-17T17:56:35.881Z",
                    "storeservices": {
                        "createdAt": "2016-11-17T17:57:08.154Z",
                        "updatedAt": "2016-11-17T17:57:08.154Z",
                        "storeId": 11,
                        "serviceId": 5
                    }
                },
                {
                    "id": 7,
                    "name": "Electronics Recycling",
                    "createdAt": "2016-11-17T17:56:35.881Z",
                    "updatedAt": "2016-11-17T17:56:35.881Z",
                    "storeservices": {
                        "createdAt": "2016-11-17T17:57:08.154Z",
                        "updatedAt": "2016-11-17T17:57:08.154Z",
                        "storeId": 11,
                        "serviceId": 7
                    }
                },
                {
                    "id": 9,
                    "name": "Samsung Experience Shop",
                    "createdAt": "2016-11-17T17:56:35.881Z",
                    "updatedAt": "2016-11-17T17:56:35.881Z",
                    "storeservices": {
                        "createdAt": "2016-11-17T17:57:08.154Z",
                        "updatedAt": "2016-11-17T17:57:08.154Z",
                        "storeId": 11,
                        "serviceId": 9
                    }
                },
                {
                    "id": 10,
                    "name": "Windows Store",
                    "createdAt": "2016-11-17T17:56:35.881Z",
                    "updatedAt": "2016-11-17T17:56:35.881Z",
                    "storeservices": {
                        "createdAt": "2016-11-17T17:57:08.154Z",
                        "updatedAt": "2016-11-17T17:57:08.154Z",
                        "storeId": 11,
                        "serviceId": 10
                    }
                },
                {
                    "id": 12,
                    "name": "Car & GPS Installation Services",
                    "createdAt": "2016-11-17T17:56:35.881Z",
                    "updatedAt": "2016-11-17T17:56:35.881Z",
                    "storeservices": {
                        "createdAt": "2016-11-17T17:57:08.154Z",
                        "updatedAt": "2016-11-17T17:57:08.154Z",
                        "storeId": 11,
                        "serviceId": 12
                    }
                }
            ]
        },
        {
            "id": 12,
            "name": "St Cloud",
            "type": "BigBox",
            "address": "4130 W Division St",
            "address2": "",
            "city": "Saint Cloud",
            "state": "MN",
            "zip": "56301",
            "lat": 45.55275,
            "lng": -94.209656,
            "hours": "Mon: 10-9; Tue: 10-9; Wed: 10-9; Thurs: 10-9; Fri: 9-9; Sat: 9-9; Sun: 10-8",
            "createdAt": "2016-11-17T17:57:04.575Z",
            "updatedAt": "2016-11-17T17:57:04.575Z",
            "services": [
                {
                    "id": 1,
                    "name": "Geek Squad Services",
                    "createdAt": "2016-11-17T17:56:35.881Z",
                    "updatedAt": "2016-11-17T17:56:35.881Z",
                    "storeservices": {
                        "createdAt": "2016-11-17T17:57:08.169Z",
                        "updatedAt": "2016-11-17T17:57:08.169Z",
                        "storeId": 12,
                        "serviceId": 1
                    }
                },
                {
                    "id": 2,
                    "name": "Best Buy Mobile",
                    "createdAt": "2016-11-17T17:56:35.881Z",
                    "updatedAt": "2016-11-17T17:56:35.881Z",
                    "storeservices": {
                        "createdAt": "2016-11-17T17:57:08.169Z",
                        "updatedAt": "2016-11-17T17:57:08.169Z",
                        "storeId": 12,
                        "serviceId": 2
                    }
                },
                {
                    "id": 3,
                    "name": "Best Buy For Business",
                    "createdAt": "2016-11-17T17:56:35.881Z",
                    "updatedAt": "2016-11-17T17:56:35.881Z",
                    "storeservices": {
                        "createdAt": "2016-11-17T17:57:08.169Z",
                        "updatedAt": "2016-11-17T17:57:08.169Z",
                        "storeId": 12,
                        "serviceId": 3
                    }
                },
                {
                    "id": 4,
                    "name": "Apple Shop",
                    "createdAt": "2016-11-17T17:56:35.881Z",
                    "updatedAt": "2016-11-17T17:56:35.881Z",
                    "storeservices": {
                        "createdAt": "2016-11-17T17:57:08.169Z",
                        "updatedAt": "2016-11-17T17:57:08.169Z",
                        "storeId": 12,
                        "serviceId": 4
                    }
                },
                {
                    "id": 5,
                    "name": "Hablamos Español",
                    "createdAt": "2016-11-17T17:56:35.881Z",
                    "updatedAt": "2016-11-17T17:56:35.881Z",
                    "storeservices": {
                        "createdAt": "2016-11-17T17:57:08.169Z",
                        "updatedAt": "2016-11-17T17:57:08.169Z",
                        "storeId": 12,
                        "serviceId": 5
                    }
                },
                {
                    "id": 7,
                    "name": "Electronics Recycling",
                    "createdAt": "2016-11-17T17:56:35.881Z",
                    "updatedAt": "2016-11-17T17:56:35.881Z",
                    "storeservices": {
                        "createdAt": "2016-11-17T17:57:08.169Z",
                        "updatedAt": "2016-11-17T17:57:08.169Z",
                        "storeId": 12,
                        "serviceId": 7
                    }
                },
                {
                    "id": 10,
                    "name": "Windows Store",
                    "createdAt": "2016-11-17T17:56:35.881Z",
                    "updatedAt": "2016-11-17T17:56:35.881Z",
                    "storeservices": {
                        "createdAt": "2016-11-17T17:57:08.169Z",
                        "updatedAt": "2016-11-17T17:57:08.169Z",
                        "storeId": 12,
                        "serviceId": 10
                    }
                },
                {
                    "id": 11,
                    "name": "Samsung Experience",
                    "createdAt": "2016-11-17T17:56:35.881Z",
                    "updatedAt": "2016-11-17T17:56:35.881Z",
                    "storeservices": {
                        "createdAt": "2016-11-17T17:57:08.169Z",
                        "updatedAt": "2016-11-17T17:57:08.169Z",
                        "storeId": 12,
                        "serviceId": 11
                    }
                },
                {
                    "id": 12,
                    "name": "Car & GPS Installation Services",
                    "createdAt": "2016-11-17T17:56:35.881Z",
                    "updatedAt": "2016-11-17T17:56:35.881Z",
                    "storeservices": {
                        "createdAt": "2016-11-17T17:57:08.169Z",
                        "updatedAt": "2016-11-17T17:57:08.169Z",
                        "storeId": 12,
                        "serviceId": 12
                    }
                },
                {
                    "id": 15,
                    "name": "Best Buy Marine Powered by Geek Squad",
                    "createdAt": "2016-11-17T17:56:35.881Z",
                    "updatedAt": "2016-11-17T17:56:35.881Z",
                    "storeservices": {
                        "createdAt": "2016-11-17T17:57:08.169Z",
                        "updatedAt": "2016-11-17T17:57:08.169Z",
                        "storeId": 12,
                        "serviceId": 15
                    }
                }
            ]
        },
        {
            "id": 13,
            "name": "Fargo",
            "type": "BigBox",
            "address": "1615 38th St S",
            "address2": "",
            "city": "Fargo",
            "state": "ND",
            "zip": "58103",
            "lat": 46.857113,
            "lng": -96.842743,
            "hours": "Mon: 10-9; Tue: 10-9; Wed: 10-9; Thurs: 10-9; Fri: 9-9; Sat: 9-9; Sun: 12-8",
            "createdAt": "2016-11-17T17:57:04.603Z",
            "updatedAt": "2016-11-17T17:57:04.603Z",
            "services": [
                {
                    "id": 1,
                    "name": "Geek Squad Services",
                    "createdAt": "2016-11-17T17:56:35.881Z",
                    "updatedAt": "2016-11-17T17:56:35.881Z",
                    "storeservices": {
                        "createdAt": "2016-11-17T17:57:08.218Z",
                        "updatedAt": "2016-11-17T17:57:08.218Z",
                        "storeId": 13,
                        "serviceId": 1
                    }
                },
                {
                    "id": 2,
                    "name": "Best Buy Mobile",
                    "createdAt": "2016-11-17T17:56:35.881Z",
                    "updatedAt": "2016-11-17T17:56:35.881Z",
                    "storeservices": {
                        "createdAt": "2016-11-17T17:57:08.218Z",
                        "updatedAt": "2016-11-17T17:57:08.218Z",
                        "storeId": 13,
                        "serviceId": 2
                    }
                },
                {
                    "id": 3,
                    "name": "Best Buy For Business",
                    "createdAt": "2016-11-17T17:56:35.881Z",
                    "updatedAt": "2016-11-17T17:56:35.881Z",
                    "storeservices": {
                        "createdAt": "2016-11-17T17:57:08.218Z",
                        "updatedAt": "2016-11-17T17:57:08.218Z",
                        "storeId": 13,
                        "serviceId": 3
                    }
                },
                {
                    "id": 4,
                    "name": "Apple Shop",
                    "createdAt": "2016-11-17T17:56:35.881Z",
                    "updatedAt": "2016-11-17T17:56:35.881Z",
                    "storeservices": {
                        "createdAt": "2016-11-17T17:57:08.218Z",
                        "updatedAt": "2016-11-17T17:57:08.218Z",
                        "storeId": 13,
                        "serviceId": 4
                    }
                },
                {
                    "id": 7,
                    "name": "Electronics Recycling",
                    "createdAt": "2016-11-17T17:56:35.881Z",
                    "updatedAt": "2016-11-17T17:56:35.881Z",
                    "storeservices": {
                        "createdAt": "2016-11-17T17:57:08.218Z",
                        "updatedAt": "2016-11-17T17:57:08.218Z",
                        "storeId": 13,
                        "serviceId": 7
                    }
                },
                {
                    "id": 10,
                    "name": "Windows Store",
                    "createdAt": "2016-11-17T17:56:35.881Z",
                    "updatedAt": "2016-11-17T17:56:35.881Z",
                    "storeservices": {
                        "createdAt": "2016-11-17T17:57:08.218Z",
                        "updatedAt": "2016-11-17T17:57:08.218Z",
                        "storeId": 13,
                        "serviceId": 10
                    }
                },
                {
                    "id": 11,
                    "name": "Samsung Experience",
                    "createdAt": "2016-11-17T17:56:35.881Z",
                    "updatedAt": "2016-11-17T17:56:35.881Z",
                    "storeservices": {
                        "createdAt": "2016-11-17T17:57:08.218Z",
                        "updatedAt": "2016-11-17T17:57:08.218Z",
                        "storeId": 13,
                        "serviceId": 11
                    }
                },
                {
                    "id": 12,
                    "name": "Car & GPS Installation Services",
                    "createdAt": "2016-11-17T17:56:35.881Z",
                    "updatedAt": "2016-11-17T17:56:35.881Z",
                    "storeservices": {
                        "createdAt": "2016-11-17T17:57:08.218Z",
                        "updatedAt": "2016-11-17T17:57:08.218Z",
                        "storeId": 13,
                        "serviceId": 12
                    }
                },
                {
                    "id": 13,
                    "name": "LG Experience ",
                    "createdAt": "2016-11-17T17:56:35.881Z",
                    "updatedAt": "2016-11-17T17:56:35.881Z",
                    "storeservices": {
                        "createdAt": "2016-11-17T17:57:08.218Z",
                        "updatedAt": "2016-11-17T17:57:08.218Z",
                        "storeId": 13,
                        "serviceId": 13
                    }
                },
                {
                    "id": 14,
                    "name": "Sony Experience ",
                    "createdAt": "2016-11-17T17:56:35.881Z",
                    "updatedAt": "2016-11-17T17:56:35.881Z",
                    "storeservices": {
                        "createdAt": "2016-11-17T17:57:08.218Z",
                        "updatedAt": "2016-11-17T17:57:08.218Z",
                        "storeId": 13,
                        "serviceId": 14
                    }
                },
                {
                    "id": 15,
                    "name": "Best Buy Marine Powered by Geek Squad",
                    "createdAt": "2016-11-17T17:56:35.881Z",
                    "updatedAt": "2016-11-17T17:56:35.881Z",
                    "storeservices": {
                        "createdAt": "2016-11-17T17:57:08.218Z",
                        "updatedAt": "2016-11-17T17:57:08.218Z",
                        "storeId": 13,
                        "serviceId": 15
                    }
                }
            ]
        },
        {
            "id": 14,
            "name": "Rochester",
            "type": "BigBox",
            "address": "4050 Hwy 52 N",
            "address2": "",
            "city": "Rochester",
            "state": "MN",
            "zip": "55901",
            "lat": 44.064365,
            "lng": -92.496895,
            "hours": "Mon: 10-9; Tue: 10-9; Wed: 10-9; Thurs: 10-9; Fri: 10-9; Sat: 10-9; Sun: 10-8",
            "createdAt": "2016-11-17T17:57:04.756Z",
            "updatedAt": "2016-11-17T17:57:04.756Z",
            "services": [
                {
                    "id": 1,
                    "name": "Geek Squad Services",
                    "createdAt": "2016-11-17T17:56:35.881Z",
                    "updatedAt": "2016-11-17T17:56:35.881Z",
                    "storeservices": {
                        "createdAt": "2016-11-17T17:57:08.328Z",
                        "updatedAt": "2016-11-17T17:57:08.328Z",
                        "storeId": 14,
                        "serviceId": 1
                    }
                },
                {
                    "id": 2,
                    "name": "Best Buy Mobile",
                    "createdAt": "2016-11-17T17:56:35.881Z",
                    "updatedAt": "2016-11-17T17:56:35.881Z",
                    "storeservices": {
                        "createdAt": "2016-11-17T17:57:08.328Z",
                        "updatedAt": "2016-11-17T17:57:08.328Z",
                        "storeId": 14,
                        "serviceId": 2
                    }
                },
                {
                    "id": 3,
                    "name": "Best Buy For Business",
                    "createdAt": "2016-11-17T17:56:35.881Z",
                    "updatedAt": "2016-11-17T17:56:35.881Z",
                    "storeservices": {
                        "createdAt": "2016-11-17T17:57:08.328Z",
                        "updatedAt": "2016-11-17T17:57:08.328Z",
                        "storeId": 14,
                        "serviceId": 3
                    }
                },
                {
                    "id": 4,
                    "name": "Apple Shop",
                    "createdAt": "2016-11-17T17:56:35.881Z",
                    "updatedAt": "2016-11-17T17:56:35.881Z",
                    "storeservices": {
                        "createdAt": "2016-11-17T17:57:08.328Z",
                        "updatedAt": "2016-11-17T17:57:08.328Z",
                        "storeId": 14,
                        "serviceId": 4
                    }
                },
                {
                    "id": 7,
                    "name": "Electronics Recycling",
                    "createdAt": "2016-11-17T17:56:35.881Z",
                    "updatedAt": "2016-11-17T17:56:35.881Z",
                    "storeservices": {
                        "createdAt": "2016-11-17T17:57:08.328Z",
                        "updatedAt": "2016-11-17T17:57:08.328Z",
                        "storeId": 14,
                        "serviceId": 7
                    }
                },
                {
                    "id": 10,
                    "name": "Windows Store",
                    "createdAt": "2016-11-17T17:56:35.881Z",
                    "updatedAt": "2016-11-17T17:56:35.881Z",
                    "storeservices": {
                        "createdAt": "2016-11-17T17:57:08.328Z",
                        "updatedAt": "2016-11-17T17:57:08.328Z",
                        "storeId": 14,
                        "serviceId": 10
                    }
                },
                {
                    "id": 11,
                    "name": "Samsung Experience",
                    "createdAt": "2016-11-17T17:56:35.881Z",
                    "updatedAt": "2016-11-17T17:56:35.881Z",
                    "storeservices": {
                        "createdAt": "2016-11-17T17:57:08.328Z",
                        "updatedAt": "2016-11-17T17:57:08.328Z",
                        "storeId": 14,
                        "serviceId": 11
                    }
                },
                {
                    "id": 12,
                    "name": "Car & GPS Installation Services",
                    "createdAt": "2016-11-17T17:56:35.881Z",
                    "updatedAt": "2016-11-17T17:56:35.881Z",
                    "storeservices": {
                        "createdAt": "2016-11-17T17:57:08.328Z",
                        "updatedAt": "2016-11-17T17:57:08.328Z",
                        "storeId": 14,
                        "serviceId": 12
                    }
                },
                {
                    "id": 13,
                    "name": "LG Experience ",
                    "createdAt": "2016-11-17T17:56:35.881Z",
                    "updatedAt": "2016-11-17T17:56:35.881Z",
                    "storeservices": {
                        "createdAt": "2016-11-17T17:57:08.328Z",
                        "updatedAt": "2016-11-17T17:57:08.328Z",
                        "storeId": 14,
                        "serviceId": 13
                    }
                },
                {
                    "id": 14,
                    "name": "Sony Experience ",
                    "createdAt": "2016-11-17T17:56:35.881Z",
                    "updatedAt": "2016-11-17T17:56:35.881Z",
                    "storeservices": {
                        "createdAt": "2016-11-17T17:57:08.328Z",
                        "updatedAt": "2016-11-17T17:57:08.328Z",
                        "storeId": 14,
                        "serviceId": 14
                    }
                }
            ]
        },
        {
            "id": 15,
            "name": "Oakdale",
            "type": "BigBox",
            "address": "8301 3rd St N",
            "address2": "",
            "city": "Oakdale",
            "state": "MN",
            "zip": "55128",
            "lat": 44.950054,
            "lng": -92.936394,
            "hours": "Mon: 10-9; Tue: 10-9; Wed: 10-9; Thurs: 10-9; Fri: 10-9; Sat: 10-9; Sun: 10-8",
            "createdAt": "2016-11-17T17:57:04.813Z",
            "updatedAt": "2016-11-17T17:57:04.813Z",
            "services": [
                {
                    "id": 1,
                    "name": "Geek Squad Services",
                    "createdAt": "2016-11-17T17:56:35.881Z",
                    "updatedAt": "2016-11-17T17:56:35.881Z",
                    "storeservices": {
                        "createdAt": "2016-11-17T17:57:08.361Z",
                        "updatedAt": "2016-11-17T17:57:08.361Z",
                        "storeId": 15,
                        "serviceId": 1
                    }
                },
                {
                    "id": 2,
                    "name": "Best Buy Mobile",
                    "createdAt": "2016-11-17T17:56:35.881Z",
                    "updatedAt": "2016-11-17T17:56:35.881Z",
                    "storeservices": {
                        "createdAt": "2016-11-17T17:57:08.361Z",
                        "updatedAt": "2016-11-17T17:57:08.361Z",
                        "storeId": 15,
                        "serviceId": 2
                    }
                },
                {
                    "id": 3,
                    "name": "Best Buy For Business",
                    "createdAt": "2016-11-17T17:56:35.881Z",
                    "updatedAt": "2016-11-17T17:56:35.881Z",
                    "storeservices": {
                        "createdAt": "2016-11-17T17:57:08.361Z",
                        "updatedAt": "2016-11-17T17:57:08.361Z",
                        "storeId": 15,
                        "serviceId": 3
                    }
                },
                {
                    "id": 4,
                    "name": "Apple Shop",
                    "createdAt": "2016-11-17T17:56:35.881Z",
                    "updatedAt": "2016-11-17T17:56:35.881Z",
                    "storeservices": {
                        "createdAt": "2016-11-17T17:57:08.361Z",
                        "updatedAt": "2016-11-17T17:57:08.361Z",
                        "storeId": 15,
                        "serviceId": 4
                    }
                },
                {
                    "id": 7,
                    "name": "Electronics Recycling",
                    "createdAt": "2016-11-17T17:56:35.881Z",
                    "updatedAt": "2016-11-17T17:56:35.881Z",
                    "storeservices": {
                        "createdAt": "2016-11-17T17:57:08.361Z",
                        "updatedAt": "2016-11-17T17:57:08.361Z",
                        "storeId": 15,
                        "serviceId": 7
                    }
                },
                {
                    "id": 10,
                    "name": "Windows Store",
                    "createdAt": "2016-11-17T17:56:35.881Z",
                    "updatedAt": "2016-11-17T17:56:35.881Z",
                    "storeservices": {
                        "createdAt": "2016-11-17T17:57:08.361Z",
                        "updatedAt": "2016-11-17T17:57:08.361Z",
                        "storeId": 15,
                        "serviceId": 10
                    }
                },
                {
                    "id": 11,
                    "name": "Samsung Experience",
                    "createdAt": "2016-11-17T17:56:35.881Z",
                    "updatedAt": "2016-11-17T17:56:35.881Z",
                    "storeservices": {
                        "createdAt": "2016-11-17T17:57:08.361Z",
                        "updatedAt": "2016-11-17T17:57:08.361Z",
                        "storeId": 15,
                        "serviceId": 11
                    }
                },
                {
                    "id": 12,
                    "name": "Car & GPS Installation Services",
                    "createdAt": "2016-11-17T17:56:35.881Z",
                    "updatedAt": "2016-11-17T17:56:35.881Z",
                    "storeservices": {
                        "createdAt": "2016-11-17T17:57:08.361Z",
                        "updatedAt": "2016-11-17T17:57:08.361Z",
                        "storeId": 15,
                        "serviceId": 12
                    }
                },
                {
                    "id": 13,
                    "name": "LG Experience ",
                    "createdAt": "2016-11-17T17:56:35.881Z",
                    "updatedAt": "2016-11-17T17:56:35.881Z",
                    "storeservices": {
                        "createdAt": "2016-11-17T17:57:08.361Z",
                        "updatedAt": "2016-11-17T17:57:08.361Z",
                        "storeId": 15,
                        "serviceId": 13
                    }
                },
                {
                    "id": 14,
                    "name": "Sony Experience ",
                    "createdAt": "2016-11-17T17:56:35.881Z",
                    "updatedAt": "2016-11-17T17:56:35.881Z",
                    "storeservices": {
                        "createdAt": "2016-11-17T17:57:08.361Z",
                        "updatedAt": "2016-11-17T17:57:08.361Z",
                        "storeId": 15,
                        "serviceId": 14
                    }
                },
                {
                    "id": 17,
                    "name": "Magnolia Design Center ",
                    "createdAt": "2016-11-17T17:56:35.881Z",
                    "updatedAt": "2016-11-17T17:56:35.881Z",
                    "storeservices": {
                        "createdAt": "2016-11-17T17:57:08.361Z",
                        "updatedAt": "2016-11-17T17:57:08.361Z",
                        "storeId": 15,
                        "serviceId": 17
                    }
                },
                {
                    "id": 18,
                    "name": "Geek Squad Solution Central",
                    "createdAt": "2016-11-17T17:56:35.881Z",
                    "updatedAt": "2016-11-17T17:56:35.881Z",
                    "storeservices": {
                        "createdAt": "2016-11-17T17:57:08.361Z",
                        "updatedAt": "2016-11-17T17:57:08.361Z",
                        "storeId": 15,
                        "serviceId": 18
                    }
                },
                {
                    "id": 19,
                    "name": "Pacific Kitchen & Home",
                    "createdAt": "2016-11-17T17:56:35.881Z",
                    "updatedAt": "2016-11-17T17:56:35.881Z",
                    "storeservices": {
                        "createdAt": "2016-11-17T17:57:08.361Z",
                        "updatedAt": "2016-11-17T17:57:08.361Z",
                        "storeId": 15,
                        "serviceId": 19
                    }
                }
            ]
        },
        {
            "id": 16,
            "name": "West Des Moines",
            "type": "BigBox",
            "address": "4100 University Ave",
            "address2": "Ste 240",
            "city": "West Des Moines",
            "state": "IA",
            "zip": "50265",
            "lat": 41.599323,
            "lng": -93.760139,
            "hours": "Mon: 10-9; Tue: 10-9; Wed: 10-9; Thurs: 10-9; Fri: 9-9; Sat: 9-9; Sun: 10-8",
            "createdAt": "2016-11-17T17:57:04.845Z",
            "updatedAt": "2016-11-17T17:57:04.845Z",
            "services": [
                {
                    "id": 1,
                    "name": "Geek Squad Services",
                    "createdAt": "2016-11-17T17:56:35.881Z",
                    "updatedAt": "2016-11-17T17:56:35.881Z",
                    "storeservices": {
                        "createdAt": "2016-11-17T17:57:08.418Z",
                        "updatedAt": "2016-11-17T17:57:08.418Z",
                        "storeId": 16,
                        "serviceId": 1
                    }
                },
                {
                    "id": 2,
                    "name": "Best Buy Mobile",
                    "createdAt": "2016-11-17T17:56:35.881Z",
                    "updatedAt": "2016-11-17T17:56:35.881Z",
                    "storeservices": {
                        "createdAt": "2016-11-17T17:57:08.418Z",
                        "updatedAt": "2016-11-17T17:57:08.418Z",
                        "storeId": 16,
                        "serviceId": 2
                    }
                },
                {
                    "id": 3,
                    "name": "Best Buy For Business",
                    "createdAt": "2016-11-17T17:56:35.881Z",
                    "updatedAt": "2016-11-17T17:56:35.881Z",
                    "storeservices": {
                        "createdAt": "2016-11-17T17:57:08.418Z",
                        "updatedAt": "2016-11-17T17:57:08.418Z",
                        "storeId": 16,
                        "serviceId": 3
                    }
                },
                {
                    "id": 4,
                    "name": "Apple Shop",
                    "createdAt": "2016-11-17T17:56:35.881Z",
                    "updatedAt": "2016-11-17T17:56:35.881Z",
                    "storeservices": {
                        "createdAt": "2016-11-17T17:57:08.418Z",
                        "updatedAt": "2016-11-17T17:57:08.418Z",
                        "storeId": 16,
                        "serviceId": 4
                    }
                },
                {
                    "id": 5,
                    "name": "Hablamos Español",
                    "createdAt": "2016-11-17T17:56:35.881Z",
                    "updatedAt": "2016-11-17T17:56:35.881Z",
                    "storeservices": {
                        "createdAt": "2016-11-17T17:57:08.418Z",
                        "updatedAt": "2016-11-17T17:57:08.418Z",
                        "storeId": 16,
                        "serviceId": 5
                    }
                },
                {
                    "id": 6,
                    "name": "Camera Experience Shop ",
                    "createdAt": "2016-11-17T17:56:35.881Z",
                    "updatedAt": "2016-11-17T17:56:35.881Z",
                    "storeservices": {
                        "createdAt": "2016-11-17T17:57:08.418Z",
                        "updatedAt": "2016-11-17T17:57:08.418Z",
                        "storeId": 16,
                        "serviceId": 6
                    }
                },
                {
                    "id": 7,
                    "name": "Electronics Recycling",
                    "createdAt": "2016-11-17T17:56:35.881Z",
                    "updatedAt": "2016-11-17T17:56:35.881Z",
                    "storeservices": {
                        "createdAt": "2016-11-17T17:57:08.418Z",
                        "updatedAt": "2016-11-17T17:57:08.418Z",
                        "storeId": 16,
                        "serviceId": 7
                    }
                },
                {
                    "id": 8,
                    "name": "Magnolia Home Theater",
                    "createdAt": "2016-11-17T17:56:35.881Z",
                    "updatedAt": "2016-11-17T17:56:35.881Z",
                    "storeservices": {
                        "createdAt": "2016-11-17T17:57:08.418Z",
                        "updatedAt": "2016-11-17T17:57:08.418Z",
                        "storeId": 16,
                        "serviceId": 8
                    }
                },
                {
                    "id": 10,
                    "name": "Windows Store",
                    "createdAt": "2016-11-17T17:56:35.881Z",
                    "updatedAt": "2016-11-17T17:56:35.881Z",
                    "storeservices": {
                        "createdAt": "2016-11-17T17:57:08.418Z",
                        "updatedAt": "2016-11-17T17:57:08.418Z",
                        "storeId": 16,
                        "serviceId": 10
                    }
                },
                {
                    "id": 11,
                    "name": "Samsung Experience",
                    "createdAt": "2016-11-17T17:56:35.881Z",
                    "updatedAt": "2016-11-17T17:56:35.881Z",
                    "storeservices": {
                        "createdAt": "2016-11-17T17:57:08.418Z",
                        "updatedAt": "2016-11-17T17:57:08.418Z",
                        "storeId": 16,
                        "serviceId": 11
                    }
                },
                {
                    "id": 12,
                    "name": "Car & GPS Installation Services",
                    "createdAt": "2016-11-17T17:56:35.881Z",
                    "updatedAt": "2016-11-17T17:56:35.881Z",
                    "storeservices": {
                        "createdAt": "2016-11-17T17:57:08.418Z",
                        "updatedAt": "2016-11-17T17:57:08.418Z",
                        "storeId": 16,
                        "serviceId": 12
                    }
                },
                {
                    "id": 19,
                    "name": "Pacific Kitchen & Home",
                    "createdAt": "2016-11-17T17:56:35.881Z",
                    "updatedAt": "2016-11-17T17:56:35.881Z",
                    "storeservices": {
                        "createdAt": "2016-11-17T17:57:08.418Z",
                        "updatedAt": "2016-11-17T17:57:08.418Z",
                        "storeId": 16,
                        "serviceId": 19
                    }
                }
            ]
        }
    ]
}
]]></system-out>
    <system-err><![CDATA[8947 [main] INFO net.serenitybdd.core.Serenity - 
        __    _____ _____ ____ _____   ____   _    ____  ____  _____ ____  
  _     \ \  |_   _| ____/ ___|_   _| |  _ \ / \  / ___|/ ___|| ____|  _ \ 
 (_)_____| |   | | |  _| \___ \ | |   | |_) / _ \ \___ \\___ \|  _| | | | |
  _|_____| |   | | | |___ ___) || |   |  __/ ___ \ ___) |___) | |___| |_| |
 (_)     | |   |_| |_____|____/ |_|   |_| /_/   \_\____/|____/|_____|____/ 
        /_/                                                                

TEST PASSED: Delete the Store by ID
----------------------------------------------------------------------------
8947 [main] INFO net.serenitybdd.core.Serenity - 
 _____ _____ ____ _____   ____ _____  _    ____ _____ _____ ____  
|_   _| ____/ ___|_   _| / ___|_   _|/ \  |  _ \_   _| ____|  _ \ 
  | | |  _| \___ \ | |   \___ \ | | / _ \ | |_) || | |  _| | | | |
  | | | |___ ___) || |    ___) || |/ ___ \|  _ < | | | |___| |_| |
  |_| |_____|____/ |_|   |____/ |_/_/   \_\_| \_\|_| |_____|____/ 
                                                                  

TEST STARTED: test005
-------------------------------------------------------------------
8947 [main] INFO net.serenitybdd.core.Serenity - TEST NUMBER: 24
]]></system-err>
  </testcase>
  <testcase name="test006" classname="com.localhost.playgroundInfo.StoresCRUDTest" time="0.173"/>
  <testcase name="test007" classname="com.localhost.playgroundInfo.StoresCRUDTest" time="0.065"/>
  <testcase name="test008" classname="com.localhost.playgroundInfo.StoresCRUDTest" time="0.151"/>
  <testcase name="test009" classname="com.localhost.playgroundInfo.StoresCRUDTest" time="1.446">
    <failure message="expected:&lt;7&gt; but was:&lt;8&gt;" type="java.lang.AssertionError"><![CDATA[java.lang.AssertionError: expected:<7> but was:<8>
	at org.junit.Assert.fail(Assert.java:88)
	at org.junit.Assert.failNotEquals(Assert.java:834)
	at org.junit.Assert.assertEquals(Assert.java:645)
	at org.junit.Assert.assertEquals(Assert.java:631)
	at com.localhost.playgroundInfo.StoresCRUDTest.test009(StoresCRUDTest.java:127)
]]></failure>
    <system-out><![CDATA[Request method:	GET
Request URI:	http://localhost:3030/stores
Proxy:			<none>
Request params:	<none>
Query params:	<none>
Form params:	<none>
Path params:	<none>
Multiparts:		<none>
Headers:		Accept=*/*
Cookies:		<none>
Body:			<none>
HTTP/1.1 200 OK
X-Powered-By: Express
Access-Control-Allow-Origin: *
Allow: GET,POST,PUT,PATCH,DELETE
Vary: Accept, Accept-Encoding
Content-Type: application/json; charset=utf-8
ETag: W/"7222-HeUoS8U51aWd7htlNS+P7zKGgTk"
Content-Encoding: gzip
Date: Tue, 21 Jun 2022 20:25:31 GMT
Connection: keep-alive
Transfer-Encoding: chunked

{
    "total": 1560,
    "limit": 10,
    "skip": 0,
    "data": [
        {
            "id": 6,
            "name": "Inver Grove Heights",
            "type": "BigBox",
            "address": "1350 50th Street E",
            "address2": "",
            "city": "Inver Grove Heights",
            "state": "MN",
            "zip": "55077",
            "lat": 44.879314,
            "lng": -93.077156,
            "hours": "Mon: 10-9; Tue: 10-9; Wed: 10-9; Thurs: 10-9; Fri: 10-9; Sat: 10-9; Sun: 10-8",
            "createdAt": "2016-11-17T17:57:05.831Z",
            "updatedAt": "2016-11-17T17:57:05.831Z",
            "services": [
                {
                    "id": 1,
                    "name": "Geek Squad Services",
                    "createdAt": "2016-11-17T17:56:35.881Z",
                    "updatedAt": "2016-11-17T17:56:35.881Z",
                    "storeservices": {
                        "createdAt": "2016-11-17T17:57:09.414Z",
                        "updatedAt": "2016-11-17T17:57:09.414Z",
                        "storeId": 6,
                        "serviceId": 1
                    }
                },
                {
                    "id": 2,
                    "name": "Best Buy Mobile",
                    "createdAt": "2016-11-17T17:56:35.881Z",
                    "updatedAt": "2016-11-17T17:56:35.881Z",
                    "storeservices": {
                        "createdAt": "2016-11-17T17:57:09.414Z",
                        "updatedAt": "2016-11-17T17:57:09.414Z",
                        "storeId": 6,
                        "serviceId": 2
                    }
                },
                {
                    "id": 3,
                    "name": "Best Buy For Business",
                    "createdAt": "2016-11-17T17:56:35.881Z",
                    "updatedAt": "2016-11-17T17:56:35.881Z",
                    "storeservices": {
                        "createdAt": "2016-11-17T17:57:09.414Z",
                        "updatedAt": "2016-11-17T17:57:09.414Z",
                        "storeId": 6,
                        "serviceId": 3
                    }
                },
                {
                    "id": 4,
                    "name": "Apple Shop",
                    "createdAt": "2016-11-17T17:56:35.881Z",
                    "updatedAt": "2016-11-17T17:56:35.881Z",
                    "storeservices": {
                        "createdAt": "2016-11-17T17:57:09.414Z",
                        "updatedAt": "2016-11-17T17:57:09.414Z",
                        "storeId": 6,
                        "serviceId": 4
                    }
                },
                {
                    "id": 5,
                    "name": "Hablamos Español",
                    "createdAt": "2016-11-17T17:56:35.881Z",
                    "updatedAt": "2016-11-17T17:56:35.881Z",
                    "storeservices": {
                        "createdAt": "2016-11-17T17:57:09.414Z",
                        "updatedAt": "2016-11-17T17:57:09.414Z",
                        "storeId": 6,
                        "serviceId": 5
                    }
                },
                {
                    "id": 7,
                    "name": "Electronics Recycling",
                    "createdAt": "2016-11-17T17:56:35.881Z",
                    "updatedAt": "2016-11-17T17:56:35.881Z",
                    "storeservices": {
                        "createdAt": "2016-11-17T17:57:09.414Z",
                        "updatedAt": "2016-11-17T17:57:09.414Z",
                        "storeId": 6,
                        "serviceId": 7
                    }
                },
                {
                    "id": 9,
                    "name": "Samsung Experience Shop",
                    "createdAt": "2016-11-17T17:56:35.881Z",
                    "updatedAt": "2016-11-17T17:56:35.881Z",
                    "storeservices": {
                        "createdAt": "2016-11-17T17:57:09.414Z",
                        "updatedAt": "2016-11-17T17:57:09.414Z",
                        "storeId": 6,
                        "serviceId": 9
                    }
                },
                {
                    "id": 10,
                    "name": "Windows Store",
                    "createdAt": "2016-11-17T17:56:35.881Z",
                    "updatedAt": "2016-11-17T17:56:35.881Z",
                    "storeservices": {
                        "createdAt": "2016-11-17T17:57:09.414Z",
                        "updatedAt": "2016-11-17T17:57:09.414Z",
                        "storeId": 6,
                        "serviceId": 10
                    }
                },
                {
                    "id": 12,
                    "name": "Car & GPS Installation Services",
                    "createdAt": "2016-11-17T17:56:35.881Z",
                    "updatedAt": "2016-11-17T17:56:35.881Z",
                    "storeservices": {
                        "createdAt": "2016-11-17T17:57:09.414Z",
                        "updatedAt": "2016-11-17T17:57:09.414Z",
                        "storeId": 6,
                        "serviceId": 12
                    }
                },
                {
                    "id": 18,
                    "name": "Geek Squad Solution Central",
                    "createdAt": "2016-11-17T17:56:35.881Z",
                    "updatedAt": "2016-11-17T17:56:35.881Z",
                    "storeservices": {
                        "createdAt": "2016-11-17T17:57:09.414Z",
                        "updatedAt": "2016-11-17T17:57:09.414Z",
                        "storeId": 6,
                        "serviceId": 18
                    }
                }
            ]
        },
        {
            "id": 7,
            "name": "Roseville",
            "type": "BigBox",
            "address": "1643 County Road B2",
            "address2": "",
            "city": "Roseville",
            "state": "MN",
            "zip": "55113",
            "lat": 45.01651,
            "lng": -93.168518,
            "hours": "Mon: 10-9; Tue: 10-9; Wed: 10-9; Thurs: 10-9; Fri: 10-9; Sat: 10-9; Sun: 10-8",
            "createdAt": "2016-11-17T17:57:05.853Z",
            "updatedAt": "2016-11-17T17:57:05.853Z",
            "services": [
                {
                    "id": 1,
                    "name": "Geek Squad Services",
                    "createdAt": "2016-11-17T17:56:35.881Z",
                    "updatedAt": "2016-11-17T17:56:35.881Z",
                    "storeservices": {
                        "createdAt": "2016-11-17T17:57:09.417Z",
                        "updatedAt": "2016-11-17T17:57:09.417Z",
                        "storeId": 7,
                        "serviceId": 1
                    }
                },
                {
                    "id": 2,
                    "name": "Best Buy Mobile",
                    "createdAt": "2016-11-17T17:56:35.881Z",
                    "updatedAt": "2016-11-17T17:56:35.881Z",
                    "storeservices": {
                        "createdAt": "2016-11-17T17:57:09.417Z",
                        "updatedAt": "2016-11-17T17:57:09.417Z",
                        "storeId": 7,
                        "serviceId": 2
                    }
                },
                {
                    "id": 3,
                    "name": "Best Buy For Business",
                    "createdAt": "2016-11-17T17:56:35.881Z",
                    "updatedAt": "2016-11-17T17:56:35.881Z",
                    "storeservices": {
                        "createdAt": "2016-11-17T17:57:09.417Z",
                        "updatedAt": "2016-11-17T17:57:09.417Z",
                        "storeId": 7,
                        "serviceId": 3
                    }
                },
                {
                    "id": 4,
                    "name": "Apple Shop",
                    "createdAt": "2016-11-17T17:56:35.881Z",
                    "updatedAt": "2016-11-17T17:56:35.881Z",
                    "storeservices": {
                        "createdAt": "2016-11-17T17:57:09.417Z",
                        "updatedAt": "2016-11-17T17:57:09.417Z",
                        "storeId": 7,
                        "serviceId": 4
                    }
                },
                {
                    "id": 5,
                    "name": "Hablamos Español",
                    "createdAt": "2016-11-17T17:56:35.881Z",
                    "updatedAt": "2016-11-17T17:56:35.881Z",
                    "storeservices": {
                        "createdAt": "2016-11-17T17:57:09.417Z",
                        "updatedAt": "2016-11-17T17:57:09.417Z",
                        "storeId": 7,
                        "serviceId": 5
                    }
                },
                {
                    "id": 6,
                    "name": "Camera Experience Shop ",
                    "createdAt": "2016-11-17T17:56:35.881Z",
                    "updatedAt": "2016-11-17T17:56:35.881Z",
                    "storeservices": {
                        "createdAt": "2016-11-17T17:57:09.417Z",
                        "updatedAt": "2016-11-17T17:57:09.417Z",
                        "storeId": 7,
                        "serviceId": 6
                    }
                },
                {
                    "id": 7,
                    "name": "Electronics Recycling",
                    "createdAt": "2016-11-17T17:56:35.881Z",
                    "updatedAt": "2016-11-17T17:56:35.881Z",
                    "storeservices": {
                        "createdAt": "2016-11-17T17:57:09.417Z",
                        "updatedAt": "2016-11-17T17:57:09.417Z",
                        "storeId": 7,
                        "serviceId": 7
                    }
                },
                {
                    "id": 8,
                    "name": "Magnolia Home Theater",
                    "createdAt": "2016-11-17T17:56:35.881Z",
                    "updatedAt": "2016-11-17T17:56:35.881Z",
                    "storeservices": {
                        "createdAt": "2016-11-17T17:57:09.417Z",
                        "updatedAt": "2016-11-17T17:57:09.417Z",
                        "storeId": 7,
                        "serviceId": 8
                    }
                },
                {
                    "id": 10,
                    "name": "Windows Store",
                    "createdAt": "2016-11-17T17:56:35.881Z",
                    "updatedAt": "2016-11-17T17:56:35.881Z",
                    "storeservices": {
                        "createdAt": "2016-11-17T17:57:09.417Z",
                        "updatedAt": "2016-11-17T17:57:09.417Z",
                        "storeId": 7,
                        "serviceId": 10
                    }
                },
                {
                    "id": 11,
                    "name": "Samsung Experience",
                    "createdAt": "2016-11-17T17:56:35.881Z",
                    "updatedAt": "2016-11-17T17:56:35.881Z",
                    "storeservices": {
                        "createdAt": "2016-11-17T17:57:09.417Z",
                        "updatedAt": "2016-11-17T17:57:09.417Z",
                        "storeId": 7,
                        "serviceId": 11
                    }
                },
                {
                    "id": 12,
                    "name": "Car & GPS Installation Services",
                    "createdAt": "2016-11-17T17:56:35.881Z",
                    "updatedAt": "2016-11-17T17:56:35.881Z",
                    "storeservices": {
                        "createdAt": "2016-11-17T17:57:09.417Z",
                        "updatedAt": "2016-11-17T17:57:09.417Z",
                        "storeId": 7,
                        "serviceId": 12
                    }
                },
                {
                    "id": 15,
                    "name": "Best Buy Marine Powered by Geek Squad",
                    "createdAt": "2016-11-17T17:56:35.881Z",
                    "updatedAt": "2016-11-17T17:56:35.881Z",
                    "storeservices": {
                        "createdAt": "2016-11-17T17:57:09.417Z",
                        "updatedAt": "2016-11-17T17:57:09.417Z",
                        "storeId": 7,
                        "serviceId": 15
                    }
                },
                {
                    "id": 18,
                    "name": "Geek Squad Solution Central",
                    "createdAt": "2016-11-17T17:56:35.881Z",
                    "updatedAt": "2016-11-17T17:56:35.881Z",
                    "storeservices": {
                        "createdAt": "2016-11-17T17:57:09.417Z",
                        "updatedAt": "2016-11-17T17:57:09.417Z",
                        "storeId": 7,
                        "serviceId": 18
                    }
                },
                {
                    "id": 19,
                    "name": "Pacific Kitchen & Home",
                    "createdAt": "2016-11-17T17:56:35.881Z",
                    "updatedAt": "2016-11-17T17:56:35.881Z",
                    "storeservices": {
                        "createdAt": "2016-11-17T17:57:09.417Z",
                        "updatedAt": "2016-11-17T17:57:09.417Z",
                        "storeId": 7,
                        "serviceId": 19
                    }
                }
            ]
        },
        {
            "id": 8,
            "name": "Burnsville",
            "type": "BigBox",
            "address": "14141 Aldrich Ave S",
            "address2": "",
            "city": "Burnsville",
            "state": "MN",
            "zip": "55337",
            "lat": 44.747404,
            "lng": -93.288039,
            "hours": "Mon: 10-9; Tue: 10-9; Wed: 10-9; Thurs: 10-9; Fri: 10-9; Sat: 10-9; Sun: 10-8",
            "createdAt": "2016-11-17T17:57:06.108Z",
            "updatedAt": "2016-11-17T17:57:06.108Z",
            "services": [
                {
                    "id": 1,
                    "name": "Geek Squad Services",
                    "createdAt": "2016-11-17T17:56:35.881Z",
                    "updatedAt": "2016-11-17T17:56:35.881Z",
                    "storeservices": {
                        "createdAt": "2016-11-17T17:57:09.595Z",
                        "updatedAt": "2016-11-17T17:57:09.595Z",
                        "storeId": 8,
                        "serviceId": 1
                    }
                },
                {
                    "id": 2,
                    "name": "Best Buy Mobile",
                    "createdAt": "2016-11-17T17:56:35.881Z",
                    "updatedAt": "2016-11-17T17:56:35.881Z",
                    "storeservices": {
                        "createdAt": "2016-11-17T17:57:09.595Z",
                        "updatedAt": "2016-11-17T17:57:09.595Z",
                        "storeId": 8,
                        "serviceId": 2
                    }
                },
                {
                    "id": 3,
                    "name": "Best Buy For Business",
                    "createdAt": "2016-11-17T17:56:35.881Z",
                    "updatedAt": "2016-11-17T17:56:35.881Z",
[...]
                    "updatedAt": "2016-11-17T17:56:35.881Z",
                    "storeservices": {
                        "createdAt": "2016-11-17T17:57:08.328Z",
                        "updatedAt": "2016-11-17T17:57:08.328Z",
                        "storeId": 14,
                        "serviceId": 2
                    }
                },
                {
                    "id": 3,
                    "name": "Best Buy For Business",
                    "createdAt": "2016-11-17T17:56:35.881Z",
                    "updatedAt": "2016-11-17T17:56:35.881Z",
                    "storeservices": {
                        "createdAt": "2016-11-17T17:57:08.328Z",
                        "updatedAt": "2016-11-17T17:57:08.328Z",
                        "storeId": 14,
                        "serviceId": 3
                    }
                },
                {
                    "id": 4,
                    "name": "Apple Shop",
                    "createdAt": "2016-11-17T17:56:35.881Z",
                    "updatedAt": "2016-11-17T17:56:35.881Z",
                    "storeservices": {
                        "createdAt": "2016-11-17T17:57:08.328Z",
                        "updatedAt": "2016-11-17T17:57:08.328Z",
                        "storeId": 14,
                        "serviceId": 4
                    }
                },
                {
                    "id": 7,
                    "name": "Electronics Recycling",
                    "createdAt": "2016-11-17T17:56:35.881Z",
                    "updatedAt": "2016-11-17T17:56:35.881Z",
                    "storeservices": {
                        "createdAt": "2016-11-17T17:57:08.328Z",
                        "updatedAt": "2016-11-17T17:57:08.328Z",
                        "storeId": 14,
                        "serviceId": 7
                    }
                },
                {
                    "id": 10,
                    "name": "Windows Store",
                    "createdAt": "2016-11-17T17:56:35.881Z",
                    "updatedAt": "2016-11-17T17:56:35.881Z",
                    "storeservices": {
                        "createdAt": "2016-11-17T17:57:08.328Z",
                        "updatedAt": "2016-11-17T17:57:08.328Z",
                        "storeId": 14,
                        "serviceId": 10
                    }
                },
                {
                    "id": 11,
                    "name": "Samsung Experience",
                    "createdAt": "2016-11-17T17:56:35.881Z",
                    "updatedAt": "2016-11-17T17:56:35.881Z",
                    "storeservices": {
                        "createdAt": "2016-11-17T17:57:08.328Z",
                        "updatedAt": "2016-11-17T17:57:08.328Z",
                        "storeId": 14,
                        "serviceId": 11
                    }
                },
                {
                    "id": 12,
                    "name": "Car & GPS Installation Services",
                    "createdAt": "2016-11-17T17:56:35.881Z",
                    "updatedAt": "2016-11-17T17:56:35.881Z",
                    "storeservices": {
                        "createdAt": "2016-11-17T17:57:08.328Z",
                        "updatedAt": "2016-11-17T17:57:08.328Z",
                        "storeId": 14,
                        "serviceId": 12
                    }
                },
                {
                    "id": 13,
                    "name": "LG Experience ",
                    "createdAt": "2016-11-17T17:56:35.881Z",
                    "updatedAt": "2016-11-17T17:56:35.881Z",
                    "storeservices": {
                        "createdAt": "2016-11-17T17:57:08.328Z",
                        "updatedAt": "2016-11-17T17:57:08.328Z",
                        "storeId": 14,
                        "serviceId": 13
                    }
                },
                {
                    "id": 14,
                    "name": "Sony Experience ",
                    "createdAt": "2016-11-17T17:56:35.881Z",
                    "updatedAt": "2016-11-17T17:56:35.881Z",
                    "storeservices": {
                        "createdAt": "2016-11-17T17:57:08.328Z",
                        "updatedAt": "2016-11-17T17:57:08.328Z",
                        "storeId": 14,
                        "serviceId": 14
                    }
                }
            ]
        },
        {
            "id": 15,
            "name": "Oakdale",
            "type": "BigBox",
            "address": "8301 3rd St N",
            "address2": "",
            "city": "Oakdale",
            "state": "MN",
            "zip": "55128",
            "lat": 44.950054,
            "lng": -92.936394,
            "hours": "Mon: 10-9; Tue: 10-9; Wed: 10-9; Thurs: 10-9; Fri: 10-9; Sat: 10-9; Sun: 10-8",
            "createdAt": "2016-11-17T17:57:04.813Z",
            "updatedAt": "2016-11-17T17:57:04.813Z",
            "services": [
                {
                    "id": 1,
                    "name": "Geek Squad Services",
                    "createdAt": "2016-11-17T17:56:35.881Z",
                    "updatedAt": "2016-11-17T17:56:35.881Z",
                    "storeservices": {
                        "createdAt": "2016-11-17T17:57:08.361Z",
                        "updatedAt": "2016-11-17T17:57:08.361Z",
                        "storeId": 15,
                        "serviceId": 1
                    }
                },
                {
                    "id": 2,
                    "name": "Best Buy Mobile",
                    "createdAt": "2016-11-17T17:56:35.881Z",
                    "updatedAt": "2016-11-17T17:56:35.881Z",
                    "storeservices": {
                        "createdAt": "2016-11-17T17:57:08.361Z",
                        "updatedAt": "2016-11-17T17:57:08.361Z",
                        "storeId": 15,
                        "serviceId": 2
                    }
                },
                {
                    "id": 3,
                    "name": "Best Buy For Business",
                    "createdAt": "2016-11-17T17:56:35.881Z",
                    "updatedAt": "2016-11-17T17:56:35.881Z",
                    "storeservices": {
                        "createdAt": "2016-11-17T17:57:08.361Z",
                        "updatedAt": "2016-11-17T17:57:08.361Z",
                        "storeId": 15,
                        "serviceId": 3
                    }
                },
                {
                    "id": 4,
                    "name": "Apple Shop",
                    "createdAt": "2016-11-17T17:56:35.881Z",
                    "updatedAt": "2016-11-17T17:56:35.881Z",
                    "storeservices": {
                        "createdAt": "2016-11-17T17:57:08.361Z",
                        "updatedAt": "2016-11-17T17:57:08.361Z",
                        "storeId": 15,
                        "serviceId": 4
                    }
                },
                {
                    "id": 7,
                    "name": "Electronics Recycling",
                    "createdAt": "2016-11-17T17:56:35.881Z",
                    "updatedAt": "2016-11-17T17:56:35.881Z",
                    "storeservices": {
                        "createdAt": "2016-11-17T17:57:08.361Z",
                        "updatedAt": "2016-11-17T17:57:08.361Z",
                        "storeId": 15,
                        "serviceId": 7
                    }
                },
                {
                    "id": 10,
                    "name": "Windows Store",
                    "createdAt": "2016-11-17T17:56:35.881Z",
                    "updatedAt": "2016-11-17T17:56:35.881Z",
                    "storeservices": {
                        "createdAt": "2016-11-17T17:57:08.361Z",
                        "updatedAt": "2016-11-17T17:57:08.361Z",
                        "storeId": 15,
                        "serviceId": 10
                    }
                },
                {
                    "id": 11,
                    "name": "Samsung Experience",
                    "createdAt": "2016-11-17T17:56:35.881Z",
                    "updatedAt": "2016-11-17T17:56:35.881Z",
                    "storeservices": {
                        "createdAt": "2016-11-17T17:57:08.361Z",
                        "updatedAt": "2016-11-17T17:57:08.361Z",
                        "storeId": 15,
                        "serviceId": 11
                    }
                },
                {
                    "id": 12,
                    "name": "Car & GPS Installation Services",
                    "createdAt": "2016-11-17T17:56:35.881Z",
                    "updatedAt": "2016-11-17T17:56:35.881Z",
                    "storeservices": {
                        "createdAt": "2016-11-17T17:57:08.361Z",
                        "updatedAt": "2016-11-17T17:57:08.361Z",
                        "storeId": 15,
                        "serviceId": 12
                    }
                },
                {
                    "id": 13,
                    "name": "LG Experience ",
                    "createdAt": "2016-11-17T17:56:35.881Z",
                    "updatedAt": "2016-11-17T17:56:35.881Z",
                    "storeservices": {
                        "createdAt": "2016-11-17T17:57:08.361Z",
                        "updatedAt": "2016-11-17T17:57:08.361Z",
                        "storeId": 15,
                        "serviceId": 13
                    }
                },
                {
                    "id": 14,
                    "name": "Sony Experience ",
                    "createdAt": "2016-11-17T17:56:35.881Z",
                    "updatedAt": "2016-11-17T17:56:35.881Z",
                    "storeservices": {
                        "createdAt": "2016-11-17T17:57:08.361Z",
                        "updatedAt": "2016-11-17T17:57:08.361Z",
                        "storeId": 15,
                        "serviceId": 14
                    }
                },
                {
                    "id": 17,
                    "name": "Magnolia Design Center ",
                    "createdAt": "2016-11-17T17:56:35.881Z",
                    "updatedAt": "2016-11-17T17:56:35.881Z",
                    "storeservices": {
                        "createdAt": "2016-11-17T17:57:08.361Z",
                        "updatedAt": "2016-11-17T17:57:08.361Z",
                        "storeId": 15,
                        "serviceId": 17
                    }
                },
                {
                    "id": 18,
                    "name": "Geek Squad Solution Central",
                    "createdAt": "2016-11-17T17:56:35.881Z",
                    "updatedAt": "2016-11-17T17:56:35.881Z",
                    "storeservices": {
                        "createdAt": "2016-11-17T17:57:08.361Z",
                        "updatedAt": "2016-11-17T17:57:08.361Z",
                        "storeId": 15,
                        "serviceId": 18
                    }
                },
                {
                    "id": 19,
                    "name": "Pacific Kitchen & Home",
                    "createdAt": "2016-11-17T17:56:35.881Z",
                    "updatedAt": "2016-11-17T17:56:35.881Z",
                    "storeservices": {
                        "createdAt": "2016-11-17T17:57:08.361Z",
                        "updatedAt": "2016-11-17T17:57:08.361Z",
                        "storeId": 15,
                        "serviceId": 19
                    }
                }
            ]
        },
        {
            "id": 16,
            "name": "West Des Moines",
            "type": "BigBox",
            "address": "4100 University Ave",
            "address2": "Ste 240",
            "city": "West Des Moines",
            "state": "IA",
            "zip": "50265",
            "lat": 41.599323,
            "lng": -93.760139,
            "hours": "Mon: 10-9; Tue: 10-9; Wed: 10-9; Thurs: 10-9; Fri: 9-9; Sat: 9-9; Sun: 10-8",
            "createdAt": "2016-11-17T17:57:04.845Z",
            "updatedAt": "2016-11-17T17:57:04.845Z",
            "services": [
                {
                    "id": 1,
                    "name": "Geek Squad Services",
                    "createdAt": "2016-11-17T17:56:35.881Z",
                    "updatedAt": "2016-11-17T17:56:35.881Z",
                    "storeservices": {
                        "createdAt": "2016-11-17T17:57:08.418Z",
                        "updatedAt": "2016-11-17T17:57:08.418Z",
                        "storeId": 16,
                        "serviceId": 1
                    }
                },
                {
                    "id": 2,
                    "name": "Best Buy Mobile",
                    "createdAt": "2016-11-17T17:56:35.881Z",
                    "updatedAt": "2016-11-17T17:56:35.881Z",
                    "storeservices": {
                        "createdAt": "2016-11-17T17:57:08.418Z",
                        "updatedAt": "2016-11-17T17:57:08.418Z",
                        "storeId": 16,
                        "serviceId": 2
                    }
                },
                {
                    "id": 3,
                    "name": "Best Buy For Business",
                    "createdAt": "2016-11-17T17:56:35.881Z",
                    "updatedAt": "2016-11-17T17:56:35.881Z",
                    "storeservices": {
                        "createdAt": "2016-11-17T17:57:08.418Z",
                        "updatedAt": "2016-11-17T17:57:08.418Z",
                        "storeId": 16,
                        "serviceId": 3
                    }
                },
                {
                    "id": 4,
                    "name": "Apple Shop",
                    "createdAt": "2016-11-17T17:56:35.881Z",
                    "updatedAt": "2016-11-17T17:56:35.881Z",
                    "storeservices": {
                        "createdAt": "2016-11-17T17:57:08.418Z",
                        "updatedAt": "2016-11-17T17:57:08.418Z",
                        "storeId": 16,
                        "serviceId": 4
                    }
                },
                {
                    "id": 5,
                    "name": "Hablamos Español",
                    "createdAt": "2016-11-17T17:56:35.881Z",
                    "updatedAt": "2016-11-17T17:56:35.881Z",
                    "storeservices": {
                        "createdAt": "2016-11-17T17:57:08.418Z",
                        "updatedAt": "2016-11-17T17:57:08.418Z",
                        "storeId": 16,
                        "serviceId": 5
                    }
                },
                {
                    "id": 6,
                    "name": "Camera Experience Shop ",
                    "createdAt": "2016-11-17T17:56:35.881Z",
                    "updatedAt": "2016-11-17T17:56:35.881Z",
                    "storeservices": {
                        "createdAt": "2016-11-17T17:57:08.418Z",
                        "updatedAt": "2016-11-17T17:57:08.418Z",
                        "storeId": 16,
                        "serviceId": 6
                    }
                },
                {
                    "id": 7,
                    "name": "Electronics Recycling",
                    "createdAt": "2016-11-17T17:56:35.881Z",
                    "updatedAt": "2016-11-17T17:56:35.881Z",
                    "storeservices": {
                        "createdAt": "2016-11-17T17:57:08.418Z",
                        "updatedAt": "2016-11-17T17:57:08.418Z",
                        "storeId": 16,
                        "serviceId": 7
                    }
                },
                {
                    "id": 8,
                    "name": "Magnolia Home Theater",
                    "createdAt": "2016-11-17T17:56:35.881Z",
                    "updatedAt": "2016-11-17T17:56:35.881Z",
                    "storeservices": {
                        "createdAt": "2016-11-17T17:57:08.418Z",
                        "updatedAt": "2016-11-17T17:57:08.418Z",
                        "storeId": 16,
                        "serviceId": 8
                    }
                },
                {
                    "id": 10,
                    "name": "Windows Store",
                    "createdAt": "2016-11-17T17:56:35.881Z",
                    "updatedAt": "2016-11-17T17:56:35.881Z",
                    "storeservices": {
                        "createdAt": "2016-11-17T17:57:08.418Z",
                        "updatedAt": "2016-11-17T17:57:08.418Z",
                        "storeId": 16,
                        "serviceId": 10
                    }
                },
                {
                    "id": 11,
                    "name": "Samsung Experience",
                    "createdAt": "2016-11-17T17:56:35.881Z",
                    "updatedAt": "2016-11-17T17:56:35.881Z",
                    "storeservices": {
                        "createdAt": "2016-11-17T17:57:08.418Z",
                        "updatedAt": "2016-11-17T17:57:08.418Z",
                        "storeId": 16,
                        "serviceId": 11
                    }
                },
                {
                    "id": 12,
                    "name": "Car & GPS Installation Services",
                    "createdAt": "2016-11-17T17:56:35.881Z",
                    "updatedAt": "2016-11-17T17:56:35.881Z",
                    "storeservices": {
                        "createdAt": "2016-11-17T17:57:08.418Z",
                        "updatedAt": "2016-11-17T17:57:08.418Z",
                        "storeId": 16,
                        "serviceId": 12
                    }
                },
                {
                    "id": 19,
                    "name": "Pacific Kitchen & Home",
                    "createdAt": "2016-11-17T17:56:35.881Z",
                    "updatedAt": "2016-11-17T17:56:35.881Z",
                    "storeservices": {
                        "createdAt": "2016-11-17T17:57:08.418Z",
                        "updatedAt": "2016-11-17T17:57:08.418Z",
                        "storeId": 16,
                        "serviceId": 19
                    }
                }
            ]
        }
    ]
}
]]></system-out>
    <system-err><![CDATA[11182 [main] ERROR net.serenitybdd.core.Serenity - 
           __  _____ _____ ____ _____   _____ _    ___ _     _____ ____  
  _       / / |_   _| ____/ ___|_   _| |  ___/ \  |_ _| |   | ____|  _ \ 
 (_)_____| |    | | |  _| \___ \ | |   | |_ / _ \  | || |   |  _| | | | |
  _|_____| |    | | | |___ ___) || |   |  _/ ___ \ | || |___| |___| |_| |
 (_)     | |    |_| |_____|____/ |_|   |_|/_/   \_\___|_____|_____|____/ 
          \_\                                                            

TEST FAILED: 8. Verify the store name = Rochester of 9th stor
--------------------------------------------------------------------------
11182 [main] ERROR net.serenitybdd.core.Serenity - expected:<[Rochester]> but was:<[Oakdale]>
11184 [main] INFO net.serenitybdd.core.Serenity - 
 _____ _____ ____ _____   ____ _____  _    ____ _____ _____ ____  
|_   _| ____/ ___|_   _| / ___|_   _|/ \  |  _ \_   _| ____|  _ \ 
  | | |  _| \___ \ | |   \___ \ | | / _ \ | |_) || | |  _| | | | |
  | | | |___ ___) || |    ___) || |/ ___ \|  _ < | | | |___| |_| |
  |_| |_____|____/ |_|   |____/ |_/_/   \_\_| \_\|_| |_____|____/ 
                                                                  

TEST STARTED: test013
-------------------------------------------------------------------
11184 [main] INFO net.serenitybdd.core.Serenity - TEST NUMBER: 32
]]></system-err>
  </testcase>
  <testcase name="test014" classname="com.localhost.playgroundInfo.StoresCRUDTest" time="0.242"/>
  <testcase name="test015" classname="com.localhost.playgroundInfo.StoresCRUDTest" time="0.426"/>
</testsuite>