<?xml version="1.0" encoding="UTF-8"?><testsuite errors="0" failures="1" name="As a user I would like to preform CURD test on stores endpoint" skipped="0" tests="5" time="0.52" timestamp="2022-06-21T21:25:32.872+01:00[Europe/London]"><testcase name="I create a new store on stores end point"/><testcase name="I read a newly created store on stores end point"/><testcase name="I update a newly created store on stores end point"/><testcase name="I delete a newly created store on stores end point"/><testcase name="I read all stores data from the application"><failure message="expected:&lt;1563&gt; but was:&lt;1560&gt;" type="java.lang.AssertionError">expected:&lt;1563&gt; but was:&lt;1560&gt;</failure><system-err>expected:&lt;1563&gt; but was:&lt;1560&gt;&#13;
com.localhost.cucumber.steps.StoresCRUDTests.iVerifyTheIfTheTotalIsEqualTo(StoresCRUDTests.java:103)&#13;
âœ½.And I verify the if the total is equal to 1563(stores.feature:31)&#13;
</system-err></testcase></testsuite>