<?xml version="1.0" encoding="UTF-8"?><testsuite errors="0" failures="0" name="com.localhost.junit.playgroundInfo.CategoriesCRUDTest" skipped="0" tests="4" time="0.33" timestamp="2022-06-21T21:25:33.866+01:00[Europe/London]"><testcase classname="com.localhost.junit.playgroundInfo.CategoriesCRUDTest" name="This will create a New Category"/><testcase classname="com.localhost.junit.playgroundInfo.CategoriesCRUDTest" name="Verify if the Category was added to the application"/><testcase classname="com.localhost.junit.playgroundInfo.CategoriesCRUDTest" name="Update the Category information"/><testcase classname="com.localhost.junit.playgroundInfo.CategoriesCRUDTest" name="Delete the Category by ID"/></testsuite>