<?xml version="1.0" encoding="UTF-8"?><testsuite errors="0" failures="0" name="As a user I would like to preform CURD test on categories endpoint" skipped="0" tests="5" time="5.98" timestamp="2022-06-21T21:25:21.129+01:00[Europe/London]"><testcase name="I read all categories data from the application"/><testcase name="I create a new category on categories end point"/><testcase name="I read a newly created category on categories end point"/><testcase name="I update a newly created category on categories end point"/><testcase name="I delete a newly created category on categories end point"/></testsuite>