<?xml version="1.0" encoding="UTF-8"?><testsuite errors="0" failures="0" name="com.localhost.junit.playgroundInfo.ServicesCRUDTest" skipped="0" tests="4" time="0.14" timestamp="2022-06-21T21:25:34.443+01:00[Europe/London]"><testcase classname="com.localhost.junit.playgroundInfo.ServicesCRUDTest" name="This will create a New Service"/><testcase classname="com.localhost.junit.playgroundInfo.ServicesCRUDTest" name="Verify if the Services was added to the application"/><testcase classname="com.localhost.junit.playgroundInfo.ServicesCRUDTest" name="Update the Services information"/><testcase classname="com.localhost.junit.playgroundInfo.ServicesCRUDTest" name="Delete the Services by ID"/></testsuite>