<?xml version="1.0" encoding="UTF-8"?><testsuite errors="0" failures="0" name="com.localhost.playgroundInfo.CategoriesCRUDTest" skipped="0" tests="4" time="0.27" timestamp="2022-06-21T21:25:34.716+01:00[Europe/London]"><testcase classname="com.localhost.playgroundInfo.CategoriesCRUDTest" name="This will create a New Category"/><testcase classname="com.localhost.playgroundInfo.CategoriesCRUDTest" name="Verify if the Category was added to the application"/><testcase classname="com.localhost.playgroundInfo.CategoriesCRUDTest" name="Update the Category information"/><testcase classname="com.localhost.playgroundInfo.CategoriesCRUDTest" name="Delete the Category by ID"/></testsuite>