<?xml version="1.0" encoding="UTF-8"?><testsuite errors="0" failures="4" name="com.localhost.junit.playgroundInfo.StoresCRUDTest" skipped="0" tests="15" time="6.94" timestamp="2022-06-21T21:25:20.866+01:00[Europe/London]"><testcase classname="com.localhost.junit.playgroundInfo.StoresCRUDTest" name="This will create a New Store"/><testcase classname="com.localhost.junit.playgroundInfo.StoresCRUDTest" name="Verify if the Store was added to the application"/><testcase classname="com.localhost.junit.playgroundInfo.StoresCRUDTest" name="Update the Store information"/><testcase classname="com.localhost.junit.playgroundInfo.StoresCRUDTest" name="Delete the Store by ID"/><testcase classname="com.localhost.junit.playgroundInfo.StoresCRUDTest" name="1. Verify the if the total is equal to 1563"><failure message="expected:&lt;1563&gt; but was:&lt;1560&gt;" type="java.lang.AssertionError">expected:&lt;1563&gt; but was:&lt;1560&gt;</failure><system-err>expected:&lt;1563&gt; but was:&lt;1560&gt;&#13;
com.localhost.junit.playgroundInfo.StoresCRUDTest.test005(StoresCRUDTest.java:87)&#13;
</system-err></testcase><testcase classname="com.localhost.junit.playgroundInfo.StoresCRUDTest" name="2. Verify the if the stores of limit is equal to 10"/><testcase classname="com.localhost.junit.playgroundInfo.StoresCRUDTest" name="3. Check the single ‘Name’ in the Array list (Inver Grove Heights)"/><testcase classname="com.localhost.junit.playgroundInfo.StoresCRUDTest" name="4. Check the multiple ‘Names’ in the ArrayList (Roseville, Burnsville, Maplewood)"/><testcase classname="com.localhost.junit.playgroundInfo.StoresCRUDTest" name="5. Verify the storied=7 inside storeservices of the third store of second services"><failure message="expected:&lt;7&gt; but was:&lt;8&gt;" type="java.lang.AssertionError">expected:&lt;7&gt; but was:&lt;8&gt;</failure><system-err>expected:&lt;7&gt; but was:&lt;8&gt;&#13;
com.localhost.junit.playgroundInfo.StoresCRUDTest.test009(StoresCRUDTest.java:130)&#13;
</system-err></testcase><testcase classname="com.localhost.junit.playgroundInfo.StoresCRUDTest" name="6. Check hash map values ‘createdAt’ inside storeservices map where store name = Roseville"/><testcase classname="com.localhost.junit.playgroundInfo.StoresCRUDTest" name="7. Verify the state = MN of forth store"/><testcase classname="com.localhost.junit.playgroundInfo.StoresCRUDTest" name="8. Verify the store name = Rochester of 9th stor"><failure message="expected:&lt;[Rochester]&gt; but was:&lt;[Oakdale]&gt;" type="org.junit.ComparisonFailure">expected:&lt;[Rochester]&gt; but was:&lt;[Oakdale]&gt;</failure><system-err>expected:&lt;[Rochester]&gt; but was:&lt;[Oakdale]&gt;&#13;
com.localhost.junit.playgroundInfo.StoresCRUDTest.test012(StoresCRUDTest.java:159)&#13;
</system-err></testcase><testcase classname="com.localhost.junit.playgroundInfo.StoresCRUDTest" name="9. Verify the storeId = 11 for the 6th store"><failure message="expected:&lt;11&gt; but was:&lt;12&gt;" type="java.lang.AssertionError">expected:&lt;11&gt; but was:&lt;12&gt;</failure><system-err>expected:&lt;11&gt; but was:&lt;12&gt;&#13;
com.localhost.junit.playgroundInfo.StoresCRUDTest.test013(StoresCRUDTest.java:169)&#13;
</system-err></testcase><testcase classname="com.localhost.junit.playgroundInfo.StoresCRUDTest" name="10. Verify the serviceId = 4 for the 7th store of forth service"/><testcase classname="com.localhost.junit.playgroundInfo.StoresCRUDTest" name="Extracting some data from Response"/></testsuite>