<?xml version="1.0" encoding="UTF-8"?><testsuite errors="0" failures="0" name="com.localhost.playgroundInfo.ProductsCRUDTest" skipped="0" tests="4" time="0.15" timestamp="2022-06-21T21:25:35.015+01:00[Europe/London]"><testcase classname="com.localhost.playgroundInfo.ProductsCRUDTest" name="This will create a New product"/><testcase classname="com.localhost.playgroundInfo.ProductsCRUDTest" name="Verify if the Product was added to the application"/><testcase classname="com.localhost.playgroundInfo.ProductsCRUDTest" name="Update the Product information"/><testcase classname="com.localhost.playgroundInfo.ProductsCRUDTest" name="Delete the Product by ID"/></testsuite>