<?xml version="1.0" encoding="UTF-8"?><testsuite errors="0" failures="0" name="As a user I would like to preform CURD test on services endpoint" skipped="0" tests="5" time="0.45" timestamp="2022-06-21T21:25:32.054+01:00[Europe/London]"><testcase name="I read all services data from the application"/><testcase name="I create a new service on services end point"/><testcase name="I read a newly created service on services end point"/><testcase name="I update a newly created service on services end point"/><testcase name="I delete a newly created service on services end point"/></testsuite>